params: 0.094285 1 1 0.69315 0.1
params unrestrict: 0.18913, 0.54132, 0.54132, 0, -2.2522
NegLL, Grad: 9364.3, -14.251, 8.6611, -3.0213, 43.092, -14.452, 48.508
params: 0.23687 0.8909 1.0398 0.34454 0.1325
params unrestrict: 0.48291, 0.36277, 0.60361, -0.88835, -1.9542
NegLL, Grad: 9340.8, -12.209, 2.3663, -7.757, 22.26, -28.338, 38.902
params: 0.72833 0.63751 1.5061 0.018198 1.0052
params unrestrict: 1.8503, -0.11456, 1.2553, -3.9973, 0.54948
NegLL, Grad: 9419.1, -19.045, 25.179, 5.7823, -57.969, 30.512, 72.949
params: 0.52507 0.75713 1.2622 0.083343 0.4024
params unrestrict: 1.1666, 0.12411, 0.92946, -2.4428, -0.70237
NegLL, Grad: 9369, -5.415, 11.229, 6.1237, -207.09, 45.707, 212.53
params: 0.39049 0.82226 1.1481 0.17318 0.23501
params unrestrict: 0.82477, 0.24344, 0.76654, -1.6656, -1.3283
NegLL, Grad: 9335.2, -6.5607, 7.8737, -0.027817, -46.968, 41.858, 63.742
params: 0.31575 0.85614 1.0932 0.24599 0.17709
params unrestrict: 0.65384, 0.30311, 0.68507, -1.277, -1.6413
NegLL, Grad: 9333.2, -8.9762, 5.4485, -3.41, 25.544, 16.24, 32.22
params: 0.46022 0.76005 1.1761 0.10559 0.21231
params unrestrict: 0.99518, 0.1296, 0.80717, -2.1949, -1.4417
NegLL, Grad: 9348.3, -3.5584, 0.68839, -2.4113, -193.24, 19.121, 194.23
params: 0.39039 0.80716 1.1342 0.16232 0.19397
params unrestrict: 0.82451, 0.21635, 0.74612, -1.7359, -1.5415
NegLL, Grad: 9333.8, -6.1229, 3.6146, -3.8299, -74.228, 22.716, 78.045
params: 0.35363 0.83142 1.1136 0.20024 0.18535
params unrestrict: 0.73917, 0.25973, 0.7156, -1.5065, -1.5914
NegLL, Grad: 9331.6, -7.5417, 4.7099, -3.6046, -7.7001, 20.786, 24.154
params: 0.37224 0.81798 1.1288 0.20848 0.16964
params unrestrict: 0.78205, 0.23579, 0.73814, -1.4619, -1.688
NegLL, Grad: 9330.7, -6.9746, 2.8477, -4.5414, 0.94853, 9.6588, 13.099
params: 0.43221 0.78518 1.1884 0.20574 0.15132
params unrestrict: 0.92523, 0.17631, 0.82498, -1.4765, -1.8117
NegLL, Grad: 9329.5, -4.5927, -0.80312, -5.3095, -2.0972, -7.1816, 10.291
params: 0.46386 0.77763 1.2345 0.20605 0.15159
params unrestrict: 1.0044, 0.16238, 0.89063, -1.4749, -1.8098
NegLL, Grad: 9329, -3.2964, -1.3386, -4.3581, -1.1522, -4.7718, 7.4665
params: 0.56141 0.78314 1.426 0.20587 0.14893
params unrestrict: 1.2698, 0.17256, 1.1513, -1.4758, -1.8289
NegLL, Grad: 9328.1, 1.321, -3.1664, -1.2999, 1.6542, 2.5576, 4.7685
params: 0.57108 0.81824 1.4876 0.20497 0.14564
params unrestrict: 1.2982, 0.23627, 1.2315, -1.4807, -1.8529
NegLL, Grad: 9327.9, 1.5934, -2.5747, -0.86985, 2.3026, 5.7239, 6.9274
params: 0.58153 0.858 1.5566 0.20397 0.14211
params unrestrict: 1.3295, 0.30634, 1.3198, -1.4861, -1.8793
NegLL, Grad: 9327.7, 1.8916, -1.9916, -0.45283, 2.9949, 9.1336, 10.007
params: 0.60286 0.94539 1.7056 0.20189 0.13494
params unrestrict: 1.3953, 0.45351, 1.5052, -1.4974, -1.9347
NegLL, Grad: 9327.4, 2.5244, -0.97122, 0.25786, 4.3624, 16.023, 16.827
params: 0.64498 1.1454 2.0346 0.1976 0.12097
params unrestrict: 1.5333, 0.76255, 1.8944, -1.5211, -2.0511
NegLL, Grad: 9327.2, 3.9736, 0.45564, 1.1964, 6.7515, 29.144, 30.206
params: 0.7219 1.6297 2.7763 0.18884 0.095958
params unrestrict: 1.8232, 1.4115, 2.712, -1.5709, -2.2955
NegLL, Grad: 9328, 8.318, 1.4588, 1.8077, 9.0613, 49.592, 51.147
params: 0.83846 2.8349 4.4406 0.1716 0.058535
params unrestrict: 2.4319, 2.7744, 4.4287, -1.6756, -2.8087
NegLL, Grad: 9331.8, 28.349, 0.10768, 1.616, 0.93666, 54.357, 61.334
params: 0.72846 1.6798 2.8496 0.18803 0.093846
params unrestrict: 1.8509, 1.4735, 2.79, -1.5757, -2.3188
NegLL, Grad: 9328.1, 8.8694, 1.4649, 1.8163, 9.0701, 50.977, 52.584
params: 0.6528 1.187 2.1011 0.19677 0.11841
params unrestrict: 1.5603, 0.82302, 1.9706, -1.5257, -2.0739
NegLL, Grad: 9327.2, 4.2899, 0.64474, 1.3142, 7.1302, 31.477, 32.591
params: 0.7352 1.733 2.927 0.18717 0.091676
params unrestrict: 1.8799, 1.5385, 2.8719, -1.5807, -2.3433
NegLL, Grad: 9328.3, 9.4795, 1.4597, 1.8202, 9.0387, 52.319, 53.984
params: 0.65695 1.2098 2.1371 0.19632 0.11705
params unrestrict: 1.5748, 0.85555, 2.0116, -1.5282, -2.0861
NegLL, Grad: 9327.2, 4.4658, 0.73627, 1.3705, 7.3208, 32.697, 33.839
params: 0.76023 2.1383 3.4202 0.18576 0.10353
params unrestrict: 1.9935, 2.0129, 3.387, -1.589, -2.2157
NegLL, Grad: 9333.1, 6.5247, 4.3949, 2.794, 14.704, 101.6, 103
params: 0.70727 1.6106 2.7096 0.1916 0.11193
params unrestrict: 1.7634, 1.3877, 2.6407, -1.555, -2.1334
NegLL, Grad: 9329.5, 4.8155, 3.4521, 2.5397, 12.289, 70.397, 71.752
params: 0.67734 1.3687 2.3661 0.19458 0.11637
params unrestrict: 1.6484, 1.0751, 2.2676, -1.5381, -2.0922
NegLL, Grad: 9328.1, 4.351, 2.3113, 2.0772, 9.9109, 51.15, 52.375
params: 0.66147 1.2546 2.1986 0.19608 0.11865
params unrestrict: 1.5908, 0.91884, 2.081, -1.5296, -2.0717
NegLL, Grad: 9327.6, 4.1603, 1.49, 1.7019, 8.4264, 40.504, 41.641
params: 0.6533 1.1994 2.1161 0.19684 0.11981
params unrestrict: 1.5621, 0.8407, 1.9877, -1.5253, -2.0614
NegLL, Grad: 9327.4, 4.0676, 1.002, 1.4673, 7.6123, 34.915, 36.009
params: 0.64916 1.1722 2.0752 0.19722 0.12039
params unrestrict: 1.5477, 0.80162, 1.9411, -1.5232, -2.0562
NegLL, Grad: 9327.3, 4.0209, 0.73643, 1.3367, 7.1877, 32.052, 33.129
params: 0.64707 1.1588 2.0549 0.19741 0.12068
params unrestrict: 1.5405, 0.78209, 1.9178, -1.5222, -2.0537
NegLL, Grad: 9327.2, 3.9973, 0.59799, 1.2678, 6.971, 30.604, 31.673
params: 0.64937 1.1736 2.0773 0.1972 0.12036
params unrestrict: 1.5484, 0.80358, 1.9434, -1.5233, -2.0565
NegLL, Grad: 9327.3, 4.0233, 0.75006, 1.3434, 7.2092, 32.196, 33.274
params: 0.64718 1.1594 2.0559 0.1974 0.12067
params unrestrict: 1.5409, 0.78306, 1.9189, -1.5222, -2.0538
NegLL, Grad: 9327.2, 3.9985, 0.605, 1.2713, 6.9819, 30.677, 31.746
params: 0.64959 1.175 2.0794 0.19718 0.12033
params unrestrict: 1.5492, 0.80563, 1.9459, -1.5234, -2.0568
NegLL, Grad: 9327.3, 4.0257, 0.76434, 1.3505, 7.2317, 32.348, 33.426
