NegLL: 9364.329935
Grad norm: 48.50798261
params: 0.09428483914, 1, 1, 0.6931471806, 0.1
NegLL: 9340.770069
Grad norm: 38.90224667
params: 0.2368696168, 0.8908955983, 1.039820501, 0.3445350128, 0.132495122
NegLL: 9419.074041
Grad norm: 72.94891062
params: 0.7283336884, 0.6375087874, 1.506063885, 0.0181981773, 1.005164602
NegLL: 9369.015149
Grad norm: 100
params: 0.5250685976, 0.7571259923, 1.262189645, 0.08334250568, 0.4023990113
NegLL: 9335.165154
Grad norm: 63.7424059
params: 0.3904946836, 0.8222578723, 1.14813222, 0.1731785702, 0.2350141583
NegLL: 9333.215003
Grad norm: 32.21976588
params: 0.3157499305, 0.8561418543, 1.09323716, 0.2459850268, 0.1770866698
NegLL: 9348.30779
Grad norm: 100
params: 0.4602194655, 0.7600457441, 1.176053597, 0.1055944311, 0.2123060275
NegLL: 9333.813985
Grad norm: 78.0450021
params: 0.390385274, 0.8071642316, 1.134238816, 0.1623196961, 0.1939732327
NegLL: 9331.606844
Grad norm: 24.15387087
params: 0.3536303306, 0.8314217893, 1.113635249, 0.2002395317, 0.1853549934
NegLL: 9330.688956
Grad norm: 13.09850792
params: 0.3722428946, 0.8179750561, 1.12882829, 0.2084755175, 0.1696446435
NegLL: 9329.509446
Grad norm: 10.29089711
params: 0.4322139154, 0.7851807261, 1.188401088, 0.2057423921, 0.1513204544
NegLL: 9328.987977
Grad norm: 7.466544882
params: 0.4638611137, 0.7776292093, 1.234501905, 0.206045176, 0.1515900179
NegLL: 9328.092791
Grad norm: 4.76851584
params: 0.5614101733, 0.7831440102, 1.426032374, 0.2058734083, 0.1489285984
NegLL: 9327.860352
Grad norm: 6.927419486
params: 0.5710758349, 0.818241664, 1.487580903, 0.2049650722, 0.1456430727
NegLL: 9327.652664
Grad norm: 10.00708328
params: 0.581528118, 0.8580043049, 1.556583134, 0.2039700745, 0.1421068399
NegLL: 9327.357653
Grad norm: 16.82746794
params: 0.602864455, 0.9453921268, 1.705629511, 0.2018947419, 0.1349394355
NegLL: 9327.205523
Grad norm: 30.20616398
params: 0.6449798537, 1.145412372, 2.034557431, 0.1975984692, 0.1209741121
NegLL: 9328.004128
Grad norm: 51.14709985
params: 0.7218970752, 1.629686793, 2.776253724, 0.1888444944, 0.09595799794
NegLL: 9331.786329
Grad norm: 61.3343874
params: 0.8384617179, 2.834940438, 4.440594718, 0.1715990079, 0.05853487572
NegLL: 9328.123673
Grad norm: 52.58392419
params: 0.728456364, 1.679793061, 2.849603467, 0.1880275669, 0.09384591306
NegLL: 9327.230212
Grad norm: 32.59115132
params: 0.6527987007, 1.187043847, 2.101099066, 0.1967674995, 0.1184052398
NegLL: 9328.254784
Grad norm: 53.98386927
params: 0.7352027771, 1.733030672, 2.926977722, 0.1871732513, 0.09167597916
NegLL: 9327.249201
Grad norm: 33.83906926
params: 0.6569471531, 1.209755242, 2.137145424, 0.1963219085, 0.1170450202
NegLL: 9333.051115
Grad norm: 100
params: 0.760229301, 2.138265861, 3.420246792, 0.1857628578, 0.1035292844
NegLL: 9329.510675
Grad norm: 71.75201818
params: 0.7072730981, 1.610567872, 2.709603063, 0.1915977647, 0.1119309413
NegLL: 9328.090191
Grad norm: 52.37484562
params: 0.6773387528, 1.368733574, 2.366126919, 0.1945771631, 0.1163697225
NegLL: 9327.561256
Grad norm: 41.64146486
params: 0.6614670446, 1.254584355, 2.198623343, 0.1960825489, 0.118650883
NegLL: 9327.358885
Grad norm: 36.00948969
params: 0.6533008959, 1.199355571, 2.116129159, 0.1968391887, 0.1198071969
NegLL: 9327.275694
Grad norm: 33.12865693
params: 0.6491597955, 1.172220796, 2.075223884, 0.1972184984, 0.1203893241
NegLL: 9327.238931
Grad norm: 31.67250924
params: 0.6470746868, 1.158775488, 2.054860282, 0.1974084011, 0.1206813848
NegLL: 9327.279551
Grad norm: 33.27370153
params: 0.6493677721, 1.173569825, 2.077263546, 0.1971995172, 0.1203601546
NegLL: 9327.240691
Grad norm: 31.74556095
params: 0.6471791731, 1.159445806, 2.055877028, 0.197398902, 0.1206667659
NegLL: 9327.283636
Grad norm: 33.42588587
params: 0.649586043, 1.174987182, 2.079405831, 0.1971795888, 0.1203295338
NegLL Final: 9327.238931
